<?xml version="1.0" encoding="UTF-8"?>
<!-- Generated by org.testng.reporters.JUnitReportReporter -->
<testsuite hostname="DESKTOP-43JB7IB" failures="0" tests="1" name="ApplicationTestingTestFiles.ValidationButtonEnableTest" time="0.355" errors="0" timestamp="2022-09-18T19:09:09 IST" skipped="0">
  <testcase classname="ApplicationTestingTestFiles.ValidationButtonEnableTest" name="test" time="0.355"/>
  <system-out>
    <![CDATA[<h1>TEST4</h1>
<h2>Validate the WebElement Button. </h2>
validate the button enable status: Enable
<img src="D:\New Project\ResolverUITest\Screenshots\2022-99-18 19-09-08 ButtonEnable.png"/>
Close the browser. ]]>
  </system-out>
</testsuite> <!-- ApplicationTestingTestFiles.ValidationButtonEnableTest -->
