<?xml version="1.0" encoding="UTF-8"?>
<!-- Generated by org.testng.reporters.JUnitReportReporter -->
<testsuite hostname="DESKTOP-43JB7IB" failures="0" tests="1" name="ApplicationTestingTestFiles.VerifyDisplayedMessageForInternshipJobTypeTest" time="0.282" errors="0" timestamp="2022-09-17T15:47:15 IST" skipped="0">
  <testcase classname="ApplicationTestingTestFiles.VerifyDisplayedMessageForInternshipJobTypeTest" name="test" time="0.282"/>
  <system-out/>
</testsuite> <!-- ApplicationTestingTestFiles.VerifyDisplayedMessageForInternshipJobTypeTest -->
