<?xml version="1.0" encoding="UTF-8"?>
<!-- Generated by org.testng.reporters.JUnitReportReporter -->
<testsuite hostname="DESKTOP-43JB7IB" failures="0" tests="1" name="ApplicationTestingTestFiles.ValidateStaticTableTest" time="0.587" errors="0" timestamp="2022-09-18T19:14:40 IST" skipped="0">
  <testcase classname="ApplicationTestingTestFiles.ValidateStaticTableTest" name="test" time="0.587"/>
  <system-out>
    <![CDATA[<h1>TEST6</h1>
<h2>Test EMail Login page. </h2>
<img src="D:\New Project\ResolverUITest\Screenshots\2022-914-18 19-14-39 pageScrollDown.png"/>
Write a method that allows you to find the value of any cell on the grid. Use the method to find the value of the cell at coordinates 2, 2 (staring at 0 in the top left corner)
Assert that the value of the cell is "Ventosanzap". 
<img src="D:\New Project\ResolverUITest\Screenshots\2022-914-18 19-14-39 cellValueSS.png"/>
Close the browser. ]]>
  </system-out>
</testsuite> <!-- ApplicationTestingTestFiles.ValidateStaticTableTest -->
