<?xml version="1.0" encoding="UTF-8"?>
<!-- Generated by org.testng.reporters.JUnitReportReporter -->
<testsuite hostname="DESKTOP-43JB7IB" failures="0" tests="1" name="ApplicationTestingTestFiles.VerifyApplyingForQAEngineerPositionTest" time="4.993" errors="0" timestamp="2022-09-17T18:02:06 IST" skipped="0">
  <testcase classname="ApplicationTestingTestFiles.VerifyApplyingForQAEngineerPositionTest" name="test" time="4.993"/>
  <system-out/>
</testsuite> <!-- ApplicationTestingTestFiles.VerifyApplyingForQAEngineerPositionTest -->
