<?xml version="1.0" encoding="UTF-8"?>
<!-- Generated by org.testng.reporters.JUnitReportReporter -->
<testsuite hostname="DESKTOP-43JB7IB" failures="0" tests="1" name="ApplicationTestingTestFiles.VeryListOfItemsTest" time="0.686" errors="0" timestamp="2022-09-18T19:04:51 IST" skipped="0">
  <testcase classname="ApplicationTestingTestFiles.VeryListOfItemsTest" name="test" time="0.686"/>
  <system-out>
    <![CDATA[<h1>TEST2</h1>
<h2>Verify and Validate the List. </h2>
Navigate to the Home Page
<h3>In the test 2 div, assert that there are 3 values in the list group. </h3>
The Number of Items in the list. 3
<img src="D:\New Project\ResolverUITest\Screenshots\2022-94-18 19-04-50 listOfItems.png"/>
<h3>Assert that the second list items value is set to "List Item 2". </h3>
<img src="D:\New Project\ResolverUITest\Screenshots\2022-94-18 19-04-50 valueOfItem2.png"/>
Close the browser. ]]>
  </system-out>
</testsuite> <!-- ApplicationTestingTestFiles.VeryListOfItemsTest -->
