<?xml version="1.0" encoding="UTF-8"?>
<!-- Generated by org.testng.reporters.JUnitReportReporter -->
<testsuite hostname="DESKTOP-43JB7IB" failures="0" tests="1" name="ApplicationTestingTestFiles.VerifyHeaderTitleOfThePageTest" time="0.942" errors="0" timestamp="2022-09-18T14:31:06 IST" skipped="0">
  <testcase classname="ApplicationTestingTestFiles.VerifyHeaderTitleOfThePageTest" name="test" time="0.942"/>
  <system-out>
    <![CDATA[<h2>Test EMail Login page. </h2>
Verify Email, password Fields and signin button are present and enable in the page. 
<img src="D:\New Project\ResolverUITest\Screenshots\2022-931-18 14-31-05 verifyEmailPswd.png"/>
Enter the valid emailId and Password. 
<img src="D:\New Project\ResolverUITest\Screenshots\2022-931-18 14-31-06 EnterLoginCredentials.png"/>
Click on signin 
Close the browser. ]]>
  </system-out>
</testsuite> <!-- ApplicationTestingTestFiles.VerifyHeaderTitleOfThePageTest -->
