<?xml version="1.0" encoding="UTF-8"?>
<!-- Generated by org.testng.reporters.JUnitReportReporter -->
<testsuite hostname="DESKTOP-43JB7IB" failures="0" tests="1" name="ApplicationTestingTestFiles.VerifyTitleOfThePageTest" time="0.089" errors="0" timestamp="2022-09-17T13:33:47 IST" skipped="0">
  <testcase classname="ApplicationTestingTestFiles.VerifyTitleOfThePageTest" name="test" time="0.089"/>
  <system-out/>
</testsuite> <!-- ApplicationTestingTestFiles.VerifyTitleOfThePageTest -->
