<?xml version="1.0" encoding="UTF-8"?>
<!-- Generated by org.testng.reporters.JUnitReportReporter -->
<testsuite hostname="DESKTOP-43JB7IB" failures="0" tests="1" name="ECommerce.ApplicationTesting.myntraWebsiteLoginTest" time="1.345" errors="0" timestamp="2022-09-14T19:08:57 IST" skipped="0">
  <testcase classname="ECommerce.ApplicationTesting.myntraWebsiteLoginTest" name="test" time="1.345"/>
  <system-out/>
</testsuite> <!-- ECommerce.ApplicationTesting.myntraWebsiteLoginTest -->
