<?xml version="1.0" encoding="UTF-8"?>
<!-- Generated by org.testng.reporters.JUnitReportReporter -->
<testsuite hostname="DESKTOP-43JB7IB" failures="0" tests="1" name="ApplicationTestingTestFiles.ValidateButtonEnableWithWaitsTest" time="8.685" errors="0" timestamp="2022-09-18T19:11:30 IST" skipped="0">
  <testcase classname="ApplicationTestingTestFiles.ValidateButtonEnableWithWaitsTest" name="test" time="8.685"/>
  <system-out>
    <![CDATA[<h1>TEST5</h1>
<h2>Validate the button enable after a random time. </h2>
Navigate to the HomePage
<img src="D:\New Project\ResolverUITest\Screenshots\2022-911-18 19-11-21 HomePage.png"/>
ScrollDown to Test 5
<img src="D:\New Project\ResolverUITest\Screenshots\2022-911-18 19-11-22 test5.png"/>
wait till the element is visible and enable. 
<img src="D:\New Project\ResolverUITest\Screenshots\2022-911-18 19-11-29 enable.png"/>
Validate alert message after clicking the button. 
Alert Message: You clicked a button!
<img src="D:\New Project\ResolverUITest\Screenshots\2022-911-18 19-11-30 alertMsg.png"/>
Close the browser. ]]>
  </system-out>
</testsuite> <!-- ApplicationTestingTestFiles.ValidateButtonEnableWithWaitsTest -->
