<?xml version="1.0" encoding="UTF-8"?>
<!-- Generated by org.testng.reporters.JUnitReportReporter -->
<testsuite hostname="DESKTOP-43JB7IB" failures="0" tests="1" name="ApplicationTestingTestFiles.ValidateDropDownValueTest" time="13.386" errors="0" timestamp="2022-09-18T19:06:52 IST" skipped="0">
  <testcase classname="ApplicationTestingTestFiles.ValidateDropDownValueTest" name="test" time="13.386"/>
  <system-out>
    <![CDATA[<h1>TEST3</h1>
<h2>Validate Drop Down Element. </h2>
Select Option 3 from the Select list. 
Close the browser. ]]>
  </system-out>
</testsuite> <!-- ApplicationTestingTestFiles.ValidateDropDownValueTest -->
