<?xml version="1.0" encoding="UTF-8"?>
<!-- Generated by org.testng.reporters.JUnitReportReporter -->
<testsuite hostname="DESKTOP-43JB7IB" failures="0" tests="2" name="ECommerce.ApplicationTesting.loginTest" time="16.181" errors="0" timestamp="2022-09-14T11:42:02 IST" skipped="0">
  <testcase classname="ECommerce.ApplicationTesting.loginTest" name="loginWithValidCredentials" time="5.801"/>
  <system-out/>
  <testcase classname="ECommerce.ApplicationTesting.loginTest" name="exportTheImage" time="10.380"/>
  <system-out/>
</testsuite> <!-- ECommerce.ApplicationTesting.loginTest -->
