<?xml version="1.0" encoding="UTF-8"?>
<!-- Generated by org.testng.reporters.JUnitReportReporter -->
<testsuite hostname="DESKTOP-43JB7IB" failures="0" tests="1" name="ApplicationTestingTestFiles.EmailLoginPageTest" time="0.051" errors="0" timestamp="2022-09-17T12:41:51 IST" skipped="0">
  <testcase classname="ApplicationTestingTestFiles.EmailLoginPageTest" name="test" time="0.051"/>
  <system-out/>
</testsuite> <!-- ApplicationTestingTestFiles.EmailLoginPageTest -->
