<?xml version="1.0" encoding="UTF-8"?>
<!-- Generated by org.testng.reporters.JUnitReportReporter -->
<testsuite hostname="DESKTOP-43JB7IB" failures="0" tests="1" name="ApplicationTestingTestFiles.VerifyEmailLoginPageTest" time="0.923" errors="0" timestamp="2022-09-18T19:02:48 IST" skipped="0">
  <testcase classname="ApplicationTestingTestFiles.VerifyEmailLoginPageTest" name="test" time="0.923"/>
  <system-out>
    <![CDATA[<h1>TEST1</h1>
<h2>Test EMail Login page. </h2>
Verify Email, password Fields and signin button are present and enable in the page. 
<img src="D:\New Project\ResolverUITest\Screenshots\2022-92-18 19-02-47 verifyEmailPswd.png"/>
Enter the valid emailId and Password. 
<img src="D:\New Project\ResolverUITest\Screenshots\2022-92-18 19-02-48 EnterLoginCredentials.png"/>
Click on signin 
Close the browser. ]]>
  </system-out>
</testsuite> <!-- ApplicationTestingTestFiles.VerifyEmailLoginPageTest -->
